<?xml version="1.0" encoding="UTF-8"?>
<!-- Generated by org.testng.reporters.JUnitXMLReporter -->
<testsuite ignored="2" hostname="DESKTOP-6IH4DTG" failures="0" tests="4" name="Login Test" time="1.207" errors="0" timestamp="2022-04-03T02:10:20 IST">
  <testcase classname="com.w2a.testcases.LoginTest" name="loginAsBankManager" time="0.281"/>
  <testcase classname="com.w2a.testcases.LoginTest" name="verifyOpenAccountBtn" time="0.046"/>
  <testcase classname="com.w2a.testcases.LoginTest" name="verifyCustomersBtn" time="0.042"/>
  <testcase classname="com.w2a.testcases.AddCustomer" name="addCustomer" time="0.758"/>
  <testcase classname="com.w2a.baseclass.BaseClass" name="@BeforeSuite setUp" time="0.0">
    <ignored/>
  </testcase> <!-- @BeforeSuite setUp -->
  <testcase classname="com.w2a.baseclass.BaseClass" name="@AfterSuite tearDown" time="0.0">
    <ignored/>
  </testcase> <!-- @AfterSuite tearDown -->
</testsuite> <!-- Login Test -->
